#
# There is insufficient memory for the Java Runtime Environment to continue.
# Native memory allocation (mmap) failed to map 132120576 bytes for Failed to commit area from 0x0000000082400000 to 0x000000008a200000 of length 132120576.
# Possible reasons:
#   The system is out of physical RAM or swap space
#   The process is running with CompressedOops enabled, and the Java Heap may be blocking the growth of the native heap
# Possible solutions:
#   Reduce memory load on the system
#   Increase physical memory or swap space
#   Check if swap backing store is full
#   Decrease Java heap size (-Xmx/-Xms)
#   Decrease number of Java threads
#   Decrease Java thread stack sizes (-Xss)
#   Set larger code cache with -XX:ReservedCodeCacheSize=
# This output file may be truncated or incomplete.
#
#  Out of Memory Error (c:/BuildAgent/work/5ff2f6c26000d570/src/hotspot/os/windows/os_windows.cpp:3291), pid=62448, tid=61580
#
# JRE version:  (11.0.5+10) (build )
# Java VM: OpenJDK 64-Bit Server VM (11.0.5+10-b520.30, mixed mode, aot, sharing, tiered, compressed oops, g1 gc, windows-amd64)
# No core dump will be written. Minidumps are not enabled by default on client versions of Windows
#

---------------  S U M M A R Y ------------

Command Line: org.jetbrains.git4idea.http.GitAskPassApp Username for 'https://github.com': 

Host: Intel(R) Core(TM) i5-8265U CPU @ 1.60GHz, 8 cores, 7G,  Windows 10 , 64 bit Build 18362 (10.0.18362.1350)
Time: Wed Apr 14 17:42:12 2021 ?D1¨²¡À¨º¡Á?¨º¡À?? elapsed time: 0 seconds (0d 0h 0m 0s)

---------------  T H R E A D  ---------------

Current thread (0x0000025be9e6a000):  JavaThread "Unknown thread" [_thread_in_vm, id=61580, stack(0x000000c109d00000,0x000000c109e00000)]

Stack: [0x000000c109d00000,0x000000c109e00000]
Native frames: (J=compiled Java code, j=interpreted, Vv=VM code, C=native code)
V  [jvm.dll+0x5dcafa]
V  [jvm.dll+0x70e375]
V  [jvm.dll+0x70f898]
V  [jvm.dll+0x70ff63]
V  [jvm.dll+0x23e238]
V  [jvm.dll+0x5da1c4]
V  [jvm.dll+0x5cf265]
V  [jvm.dll+0x2fac3b]
V  [jvm.dll+0x2fabaa]
V  [jvm.dll+0x2faa82]
V  [jvm.dll+0x2ff956]
V  [jvm.dll+0x3480d3]
V  [jvm.dll+0x3487d6]
V  [jvm.dll+0x3481d3]
V  [jvm.dll+0x2d5548]
V  [jvm.dll+0x2d66e7]
V  [jvm.dll+0x6ed237]
V  [jvm.dll+0x6eea2c]
V  [jvm.dll+0x355849]
V  [jvm.dll+0x6d239e]
V  [jvm.dll+0x3be283]
V  [jvm.dll+0x3c0701]
C  [jli.dll+0x5363]
C  [ucrtbase.dll+0x210b2]
C  [KERNEL32.DLL+0x17c24]
C  [ntdll.dll+0x6d721]


---------------  P R O C E S S  ---------------

Threads class SMR info:
_java_thread_list=0x0000025be9d45480, length=0, elements={
}

Java Threads: ( => current thread )

Other Threads:
  0x0000025be9e83000 GCTaskThread "GC Thread#0" [stack: 0x000000c109e00000,0x000000c109f00000] [id=61592]
  0x0000025be9eb6000 ConcurrentGCThread "G1 Main Marker" [stack: 0x000000c109f00000,0x000000c10a000000] [id=60484]
  0x0000025be9eb7800 ConcurrentGCThread "G1 Conc#0" [stack: 0x000000c10a000000,0x000000c10a100000] [id=59384]

[error occurred during error reporting (printing all threads), id 0xc0000005, EXCEPTION_ACCESS_VIOLATION (0xc0000005) at pc=0x00007ffd63655c17]

VM state:not at safepoint (not fully initialized)

VM Mutex/Monitor currently owned by a thread:  ([mutex/lock_event])
[0x0000025be9e67fb0] Heap_lock - owner thread: 0x0000025be9e6a000

Heap address: 0x0000000082400000, size: 2012 MB, Compressed Oops mode: Non-zero based: 0x0000000082400000
Narrow klass base: 0x0000000000000000, Narrow klass shift: 0

GC Heap History (0 events):
No events

Deoptimization events (0 events):
No events

Classes redefined (0 events):
No events

Internal exceptions (0 events):
No events

Events (0 events):
No events


Dynamic libraries:
0x00007ff62bbc0000 - 0x00007ff62bbca000 	D:\JetBrains\IntelliJ IDEA 2019.3.2\jbr\bin\java.exe
0x00007ffd90ac0000 - 0x00007ffd90cb0000 	C:\Windows\SYSTEM32\ntdll.dll
0x00007ffd8ede0000 - 0x00007ffd8ee92000 	C:\Windows\System32\KERNEL32.DLL
0x00007ffd8e3d0000 - 0x00007ffd8e675000 	C:\Windows\System32\KERNELBASE.dll
0x00007ffd8e2a0000 - 0x00007ffd8e39a000 	C:\Windows\System32\ucrtbase.dll
0x00007ffd78a40000 - 0x00007ffd78a57000 	D:\JetBrains\IntelliJ IDEA 2019.3.2\jbr\bin\VCRUNTIME140.dll
0x00007ffd79590000 - 0x00007ffd795a9000 	D:\JetBrains\IntelliJ IDEA 2019.3.2\jbr\bin\jli.dll
0x00007ffd8fdb0000 - 0x00007ffd8ff44000 	C:\Windows\System32\USER32.dll
0x00007ffd8eac0000 - 0x00007ffd8eae1000 	C:\Windows\System32\win32u.dll
0x00007ffd8fcb0000 - 0x00007ffd8fcd6000 	C:\Windows\System32\GDI32.dll
0x00007ffd8e890000 - 0x00007ffd8ea28000 	C:\Windows\System32\gdi32full.dll
0x00007ffd8e1b0000 - 0x00007ffd8e24e000 	C:\Windows\System32\msvcp_win.dll
0x00007ffd73c80000 - 0x00007ffd73f04000 	C:\Windows\WinSxS\amd64_microsoft.windows.common-controls_6595b64144ccf1df_6.0.18362.1440_none_9e7dbfb9e45e8e67\COMCTL32.dll
0x00007ffd8f7d0000 - 0x00007ffd8f86e000 	C:\Windows\System32\msvcrt.dll
0x00007ffd90690000 - 0x00007ffd909c6000 	C:\Windows\System32\combase.dll
0x00007ffd8fb90000 - 0x00007ffd8fcaf000 	C:\Windows\System32\RPCRT4.dll
0x00007ffd8ea30000 - 0x00007ffd8eab1000 	C:\Windows\System32\bcryptPrimitives.dll
0x00007ffd8fa20000 - 0x00007ffd8fa4e000 	C:\Windows\System32\IMM32.DLL
0x00007ffd648f0000 - 0x00007ffd6498d000 	D:\JetBrains\IntelliJ IDEA 2019.3.2\jbr\bin\msvcp140.dll
0x00007ffd63370000 - 0x00007ffd63e2b000 	D:\JetBrains\IntelliJ IDEA 2019.3.2\jbr\bin\server\jvm.dll
0x00007ffd8ed30000 - 0x00007ffd8edd3000 	C:\Windows\System32\ADVAPI32.dll
0x00007ffd8f730000 - 0x00007ffd8f7c7000 	C:\Windows\System32\sechost.dll
0x00007ffd904d0000 - 0x00007ffd904d8000 	C:\Windows\System32\PSAPI.DLL
0x00007ffd74230000 - 0x00007ffd74239000 	C:\Windows\SYSTEM32\WSOCK32.dll
0x00007ffd8f8f0000 - 0x00007ffd8f95f000 	C:\Windows\System32\WS2_32.dll
0x00007ffd87c40000 - 0x00007ffd87c64000 	C:\Windows\SYSTEM32\WINMM.dll
0x00007ffd8d540000 - 0x00007ffd8d54a000 	C:\Windows\SYSTEM32\VERSION.dll
0x00007ffd879b0000 - 0x00007ffd879dd000 	C:\Windows\SYSTEM32\winmmbase.dll
0x00007ffd8e250000 - 0x00007ffd8e29a000 	C:\Windows\System32\cfgmgr32.dll
0x00007ffd8d9d0000 - 0x00007ffd8d9e1000 	C:\Windows\System32\kernel.appcore.dll
0x00007ffd7a2e0000 - 0x00007ffd7a2f1000 	D:\JetBrains\IntelliJ IDEA 2019.3.2\jbr\bin\verify.dll
0x00007ffd891b0000 - 0x00007ffd893a4000 	C:\Windows\SYSTEM32\DBGHELP.DLL
0x00007ffd80510000 - 0x00007ffd8053a000 	C:\Windows\SYSTEM32\dbgcore.DLL
0x00007ffd78790000 - 0x00007ffd787b9000 	D:\JetBrains\IntelliJ IDEA 2019.3.2\jbr\bin\java.dll
0x00007ffd789b0000 - 0x00007ffd789c7000 	D:\JetBrains\IntelliJ IDEA 2019.3.2\jbr\bin\zip.dll
0x00007ffd812a0000 - 0x00007ffd812ab000 	D:\JetBrains\IntelliJ IDEA 2019.3.2\jbr\bin\jimage.dll

dbghelp: loaded successfully - version: 4.0.5 - missing functions: none
symbol engine: initialized successfully - sym options: 0x614 - pdb path: .;D:\JetBrains\IntelliJ IDEA 2019.3.2\jbr\bin;C:\Windows\SYSTEM32;C:\Windows\WinSxS\amd64_microsoft.windows.common-controls_6595b64144ccf1df_6.0.18362.1440_none_9e7dbfb9e45e8e67;D:\JetBrains\IntelliJ IDEA 2019.3.2\jbr\bin\server

VM Arguments:
java_command: org.jetbrains.git4idea.http.GitAskPassApp Username for 'https://github.com': 
java_class_path (initial): D:/JetBrains/IntelliJ IDEA 2019.3.2/plugins/git4idea/lib/git4idea-rt.jar;D:/JetBrains/IntelliJ IDEA 2019.3.2/lib/xmlrpc-2.0.1.jar;D:/JetBrains/IntelliJ IDEA 2019.3.2/lib/commons-codec-1.13.jar;D:/JetBrains/IntelliJ IDEA 2019.3.2/lib/util.jar
Launcher Type: SUN_STANDARD

[Global flags]
     intx CICompilerCount                          = 4                                         {product} {ergonomic}
     uint ConcGCThreads                            = 2                                         {product} {ergonomic}
     uint G1ConcRefinementThreads                  = 8                                         {product} {ergonomic}
   size_t G1HeapRegionSize                         = 1048576                                   {product} {ergonomic}
    uintx GCDrainStackTargetSize                   = 64                                        {product} {ergonomic}
   size_t InitialHeapSize                          = 132120576                                 {product} {ergonomic}
   size_t MarkStackSize                            = 4194304                                   {product} {ergonomic}
   size_t MaxHeapSize                              = 2109734912                                {product} {ergonomic}
   size_t MinHeapDeltaBytes                        = 1048576                                   {product} {ergonomic}
    uintx NonNMethodCodeHeapSize                   = 5836300                                {pd product} {ergonomic}
    uintx NonProfiledCodeHeapSize                  = 122910970                              {pd product} {ergonomic}
    uintx ProfiledCodeHeapSize                     = 122910970                              {pd product} {ergonomic}
    uintx ReservedCodeCacheSize                    = 251658240                              {pd product} {ergonomic}
     bool SegmentedCodeCache                       = true                                      {product} {ergonomic}
     bool UseCompressedClassPointers               = true                                 {lp64_product} {ergonomic}
     bool UseCompressedOops                        = true                                 {lp64_product} {ergonomic}
     bool UseG1GC                                  = true                                      {product} {ergonomic}
     bool UseLargePagesIndividualAllocation        = false                                  {pd product} {ergonomic}

Logging:
Log output configuration:
 #0: stdout all=warning uptime,level,tags
 #1: stderr all=off uptime,level,tags

Environment Variables:
JAVA_HOME=C:\Program Files\Java\jdk1.8.0_152
CLASSPATH=.;C:\Program Files\Java\jdk1.8.0_152\lib\dt.jar;C:\Program Files\Java\jdk1.8.0_152\lib\tools.jar;
PATH=C:/Program Files/Git/mingw64/libexec/git-core;C:/Program Files/Git/mingw64/libexec/git-core;C:\Program Files\Git\mingw64\bin;C:\Program Files\Git\usr\bin;C:\Users\tangyy\bin;C:\Program Files (x86)\Common Files\NetSarang;C:\ProgramData\Oracle\Java\javapath;C:\Windows\system32;C:\Windows;C:\Windows\System32\Wbem;C:\Windows\System32\WindowsPowerShell\v1.0\;C:\Windows\System32\OpenSSH\;C:\Program Files (x86)\NVIDIA Corporation\PhysX\Common;C:\Program Files\NVIDIA Corporation\NVIDIA NvDLISR;C:\Program Files\Git\cmd;C:\Program Files (x86)\Microsoft SQL Server\90\Tools\binn\;C:\soft\Go\bin;C:\Program Files (x86)\MySQL\MySQL Utilities 1.3.5\;C:\Python26;C:\Program Files\Java\jdk1.8.0_152\bin;C:\Program Files\Java\jdk1.8.0_152\jre\bin;D:\nodejs\;C:\Program Files\OpenVPN\bin;C:\Users\tangyy\Documents\WXWork\1688852662945459\Cache\File\2020-03\release\bin;D:\doxygen\bin;C:\Program Files (x86)\Graphviz2.38\bin;D:\PuTTY\;C:\Program Files (x86)\GitExtensions\;C:\Users\tangyy\AppData\Local\Microsoft\WindowsApps;C:\Users\tangyy\go\bin;C:\Users\tangyy\AppData\Roaming\npm;C:\Users\tangyy\AppData\Local\GitHubDesktop\bin;D:\Microsoft VS Code\bin
USERNAME=tangyy
DISPLAY=:0.0
OS=Windows_NT
PROCESSOR_IDENTIFIER=Intel64 Family 6 Model 142 Stepping 11, GenuineIntel



---------------  S Y S T E M  ---------------

OS: Windows 10 , 64 bit Build 18362 (10.0.18362.1350)

CPU:total 8 (initial active 8) (4 cores per cpu, 2 threads per core) family 6 model 142 stepping 11, cmov, cx8, fxsr, mmx, sse, sse2, sse3, ssse3, sse4.1, sse4.2, popcnt, avx, avx2, aes, clmul, erms, 3dnowpref, lzcnt, ht, tsc, tscinvbit, bmi1, bmi2, adx, fma

Memory: 4k page, system-wide physical 8043M (489M free)
TotalPageFile size 29795M (AvailPageFile size 34M)
current process WorkingSet (physical memory assigned to process): 10M, peak: 10M
current process commit charge ("private bytes"): 60M, peak: 186M

vm_info: OpenJDK 64-Bit Server VM (11.0.5+10-b520.30) for windows-amd64 JRE (11.0.5+10-b520.30), built on Dec 24 2019 12:06:09 by "" with MS VC++ 14.0 (VS2015)

END.
